2358
2387
2370
2469
2341
2255
2310
2342
2006
2218
2159
2347
2047
2141
2087
2064
2394
2448
1778
2007
2158
2268
2416
2495
2465
2548
2523
2369
2142
2186
2045
2144
2064
2198
2038
2062
2003
2286
2071
1751
1978
2388
2553
2464
1712
1723
1923
1823
2032
2195
2132
2213
2203
2316
2157
2256
2011
2288
2026
2021
2091
2118
2042
2134
2063
2361
2235
1679
1895
2192
2147
2138
2054
2096
2032
2058
2016
2007
2033
2036
1965
2010
1963
1989
1935
1876
1745
1872
1934
2113
1807
1880
1885
1695
1746
1706
1845
1775
1648
1563
1600
1648
1677
1651
1535
1680
2013
2465
2333
1404
1277
1555
1527
1599
1580
1616
1622
1663
1657
1695
1663
1727
1697
1714
1695
1741
1734
1774
1717
1682
1680
1705
1664
1718
1658
1712
1679
1712
1743
1616
1626
1663
1683
1675
1675
1732
1708
1719
1739
1748
1767
1775
1814
1870
1917
1937
1986
2094
2010
1925
1813
1793
1773
1712
1715
1709
1701
1707
1707
1702
1680
1646
1718
2135
2479
2426
1534
1425
1685
1710
1703
1733
1697
1723
1776
1761
1769
1781
1760
1782
1791
1810
1796
1821
1845
1840
1850
1871
1903
1936
1920
1959
1933
1934
1913
1918
1904
1921
1923
1938
1933
1957
1943
1947
1919
1936
1929
1910
1922
1917
1922
1932
1904
1919
1961
2038
2007
2101
2163
2096
2026
1936
1914
1895
1863
1875
1853
1856
1856
1854
1853
1856
1775
1919
2342
2533
2462
1733
1600
1875
1865
1867
1873
1911
1889
1905
1910
1934
1925
1932
1917
1954
1945
1946
1949
1961
1953
1977
1975
2006
2019
2031
2025
2011
1975
1985
1973
1979
1969
1985
1984
1995
1969
1997
1993
1996
1969
1986
1967
1978
1968
1985
1969
1982
1968
1987
1971
2004
2032
2127
2106
2160
2226
2176
2103
2047
1975
1986
1949
1947
1875
1815
1789
1774
1744
1759
1670
1791
2229
2512
2417
1629
1520
1773
1745
1755
1751
1775
1777
1805
1802
1818
1825
1867
1861
1872
1872
1889
1886
1909
1883
1904
1878
1897
1920
1941
1921
1915
1894
1887
1869
1875
1869
1892
1886
1904
1893
1911
1917
1923
1914
1921
1899
1918
1888
1903
1872
1881
1885
1899
1891
1894
1889
1911
1899
1949
1991
2017
2032
2128
2064
2013
1947
1919
1863
1885
1870
1873
1840
1857
1859
1862
1835
1769
1869
2317
2512
2448
1723
1668
1840
1840
1830
1866
1847
1886
1857
1891
1883
1904
1906
1912
1914
1936
1929
1959
1941
1959
1930
1968
1966
2001
2000
2006
1981
1974
1936
1950
1935
1936
1929
1937
1937
1947
1936
1946
1947
1957
1931
1936
1922
1919
1893
1917
1909
1918
1900
1904
1900
1915
1903
1947
2018
2003
2042
2119
2061
1991
1923
1915
1861
1888
1853
1859
1855
1856
1849
1857
1827
1771
1906
2368
2513
2373
1627
1706
1838
1846
1840
1859
1857
1871
1863
1889
1878
1886
1903
1925
1906
1915
1925
1942
1929
1932
1931
1951
1955
1997
1981
1978
1954
1968
1927
1946
1920
1931
1927
1935
1913
1927
1920
1923
1904
1919
1903
1891
1887
1879
1872
1880
1861
1871
1875
1856
1873
1924
1951
1970
2065
2019
1959
1890
1853
1802
1794
1782
1765
1776
1775
1760
1771
1744
1662
1757
2102
2478
2383
1601
1434
1685
1673
1691
1681
1705
1700
1707
1716
1716
1728
1727
1728
1725
1723
1735
1730
1745
1737
1760
1774
1784
1802
1799
1802
1792
1764
1774
1757
1744
1738
1737
1744
1746
1750
1751
1750
1755
1754
1732
1749
1727
1730
1744
1743
1724
1727
1794
1861
1825
1942
1950
1873
1796
1751
1713
1719
1689
1691
1714
1733
1722
1742
1714
1669
1742
2096
2482
2458
1709
1407
1712
1705
1735
1774
1774
1779
1808
1851
1887
1877
1882
1925
1916
1926
1920
1936
1951
1945
1945
1975
1959
1984
2000
2005
1982
1952
1936
1930
1909
1926
1935
1920
1914
1923
1933
1933
1933
1919
1890
1911
1877
1879
1871
1891
1949
1983
1991
2094
2064
2004
1917
1869
1820
1820
1809
1805
1795
1802
1792
1795
1781
1719
1794
2208
2511
2462
1655
1487
1761
1760
1755
1776
1798
1798
1804
1808
1826
1824
1839
1836
1837
1840
1856
1841
1861
1871
1863
1879
1901
1934
1927
1923
1905
1887
1879
1863
1871
1889
1879
1889
1897
1890
1899
1887
1880
1874
1872
1853
1843
1848
1849
1882
1937
1918
2011
2014
1936
1869
1782
1751
1729
1722
1727
1706
1724
1712
1726
1718
1695
1650
1907
2434
2499
1967
1369
1646
1707
1691
1717
1711
1734
1733
1757
1761
1791
1795
1805
1791
1793
1792
1819
1815
1819
1801
1837
1850
1899
1905
1930
1914
1918
1898
1902
1883
1922
1930
1942
1931
1943
1931
1950
1937
1951
1939
1941
1946
1951
1951
1959
1981
2080
2064
2096
2185
2140
2067
2013
1977
1975
1945
1953
1924
1942
1919
1925
1917
1938
1849
1902
2187
2519
2535
2224
1653
1915
1931
1907
1911
1937
1929
1958
1945
1963
1959
1977
1966
1983
1970
1981
1971
1989
1971
2000
1987
2013
2014
2041
2019
2032
1982
1990
1955
1989
1958
1968
1958
1966
1949
1968
1935
1955
1934
1940
1904
1926
1914
1936
1907
1948
1987
2001
2021
2126
2032
1995
1911
1906
1847
1861
1831
1842
1828
1849
1809
1847
1810
1776
1788
2115
2477
2491
1920
1595
1785
1818
1804
1835
1828
1841
1824
1843
1823
1872
1858
1875
1862
1890
1874
1890
1868
1888
1876
1902
1904
1955
1941
1961
1927
1934
1895
1904
1872
1897
1879
1904
1887
1914
1891
1910
1877
1898
1875
1879
1846
1884
1849
1868
1867
1885
1884
1968
1953
1983
2078
2034
1951
1929
1878
1873
1828
1840
1809
1859
1805
1839
1792
1829
1757
1794
2045
2483
2486
1997
1527
1805
1807
1845
1821
1858
1844
1879
1861
1878
1873
1917
1879
1907
1890
1910
1894
1923
1901
1920
1901
1956
1951
1991
1953
1972
1914
1931
1893
1920
1889
1924
1904
1906
1899
1927
1886
1926
1891
1913
1888
1903
1872
1907
1867
1897
1860
1938
1967
1974
2043
2078
1991
1961
1875
1877
1829
1837
1813
1826
1792
1835
1807
1831
1760
1751
1922
2423
2506
2189
1467
1711
1782
1792
1782
1825
1819
1853
1827
1851
1844
1870
1847
1871
1858
1885
1882
1891
1872
1904
1888
1931
1933
1945
1929
1943
1893
1906
1894
1888
1872
1906
1885
1908
1885
1898
1887
1890
1869
1901
1840
1862
1854
1877
1853
1881
1908
1977
1923
2017
2074
2002
2031
2002
1953
1959
1936
1975
1942
1965
1936
1953
1945
1937
1899
2144
2480
2549
2353
1643
1783
1953
1900
1921
1920
1941
1948
1973
1961
1985
1968
1997
1997
2011
1979
2011
2015
2023
2010
2032
2011
2097
2043
2083
2031
2019
1983
1999
1971
1963
1968
2000
1970
1965
1968
1981
1954
1958
1930
1921
1904
1915
1893
1901
1939
2017
1982
2095
2089
2032
1936
1891
1825
1826
1786
1782
1753
1776
1753
1763
1745
1758
1699
1968
2442
2516
1997
1360
1635
1745
1710
1724
1717
1727
1740
1763
1755
1776
1745
1739
1765
1773
1754
1776
1760
1781
1760
1776
1777
1830
1813
1833
1787
1792
1744
1747
1745
1767
1735
1776
1733
1766
1749
1772
1728
1733
1716
1738
1709
1719
1695
1719
1728
1818
1781
1872
1931
1883
1798
1744
1680
1682
1631
1640
1603
1645
1603
1623
1603
1627
1513
1680
2128
2480
2195
1279
1348
1573
1456
1442
1424
1462
1456
1493
1478
1535
1503
1571
1535
1577
1535
1600
1558
1587
1575
1621
1598
1665
1648
1712
1655
1682
1657
1669
1627
1671
1644
1679
1654
1698
1674
1713
1679
1739
1706
1734
1690
1723
1694
1733
1714
1759
1735
1840
1842
1863
1917
1968
1872
1831
1744
1741
1668
1686
1648
1690
1650
1683
1648
1732
1664
1660
1856
2406
2501
2128
1297
1648
1686
1795
1740
1968
1725
1613
1771
1873
1757
1975
2167
2167
1664
1715
1766
1843
1901
2064
2155
2165
1856
1840
1878
1934
2041
1942
2014
2037
2077
2124
2112
1946
1924
2164
2000
2213
2077
2019
2112
2316
1907
2032
2064
2047
2033
1989
1918
2029
2164
2038
2069
2087
2005
2235
1909
2122
1962
2000
1951
1889
1802
2265
2175
2165
1998
2096
1779
2039
2304
2509
2341
1698
1488
1805
1457
1712
1439
1711
1535
1749
1530
1900
1463
1703
1472
1719
1617
1675
1578
1566
1763
1687
1489
1535
1423
1778
1774
1806
1530
1744
1535
1631
1503
1664
1469
1902
1674
1725
1472
1680
1683
1823
1583
1916
1503
1807
1627
1824
1535
